<?xml version="1.0" encoding="UTF-8"?>
<robot generator="Robot 4.0 (Python 3.9.4 on win32)" generated="20210413 18:30:54.699" rpa="false" schemaversion="2">
<suite id="s1" name="Testi Test" source="C:\Users\Janzk\Desktop\master\tests\testi_test.robot">
<test id="s1-t1" name="Open main page">
<kw name="Open Browser" library="SeleniumLibrary">
<arg>http://localhost:3000/</arg>
<arg>firefox</arg>
<doc>Opens a new browser instance to the optional ``url``.</doc>
<msg timestamp="20210413 18:30:54.950" level="INFO">Opening browser 'firefox' to base url 'http://localhost:3000/'.</msg>
<msg timestamp="20210413 18:30:54.951" level="INFO">Firefox driver log is always forced to to: C:\Users\Janzk\Desktop\master\tests\geckodriver-1.log</msg>
<status status="PASS" starttime="20210413 18:30:54.949" endtime="20210413 18:31:03.693"/>
</kw>
<status status="PASS" starttime="20210413 18:30:54.949" endtime="20210413 18:31:03.693"/>
</test>
<test id="s1-t2" name="Set Text Form">
<kw name="Input Text" library="SeleniumLibrary">
<arg>firstName</arg>
<arg>4</arg>
<doc>Types the given ``text`` into the text field identified by ``locator``.</doc>
<msg timestamp="20210413 18:31:03.694" level="INFO">Typing text '4' into text field 'firstName'.</msg>
<status status="PASS" starttime="20210413 18:31:03.694" endtime="20210413 18:31:04.057"/>
</kw>
<kw name="Input Text" library="SeleniumLibrary">
<arg>lastName</arg>
<arg>+</arg>
<doc>Types the given ``text`` into the text field identified by ``locator``.</doc>
<msg timestamp="20210413 18:31:04.058" level="INFO">Typing text '+' into text field 'lastName'.</msg>
<status status="PASS" starttime="20210413 18:31:04.057" endtime="20210413 18:31:04.212"/>
</kw>
<kw name="Input Text" library="SeleniumLibrary">
<arg>username</arg>
<arg>4</arg>
<doc>Types the given ``text`` into the text field identified by ``locator``.</doc>
<msg timestamp="20210413 18:31:04.213" level="INFO">Typing text '4' into text field 'username'.</msg>
<status status="PASS" starttime="20210413 18:31:04.213" endtime="20210413 18:31:04.320"/>
</kw>
<status status="PASS" starttime="20210413 18:31:03.693" endtime="20210413 18:31:04.320"/>
</test>
<test id="s1-t3" name="Click Button and check result">
<kw name="Click Button" library="SeleniumLibrary">
<arg>button</arg>
<doc>Clicks the button identified by ``locator``.</doc>
<msg timestamp="20210413 18:31:04.321" level="INFO">Clicking button 'button'.</msg>
<status status="PASS" starttime="20210413 18:31:04.321" endtime="20210413 18:31:04.677"/>
</kw>
<kw name="Wait Until Element Is Visible" library="SeleniumLibrary">
<arg>endValue</arg>
<doc>Waits until the element ``locator`` is visible.</doc>
<status status="PASS" starttime="20210413 18:31:04.677" endtime="20210413 18:31:04.773"/>
</kw>
<kw name="Element Should Contain" library="SeleniumLibrary">
<arg>endValue</arg>
<arg>8</arg>
<doc>Verifies that element ``locator`` contains text ``expected``.</doc>
<msg timestamp="20210413 18:31:04.853" level="INFO">Element 'endValue' contains text '8'.</msg>
<status status="PASS" starttime="20210413 18:31:04.773" endtime="20210413 18:31:04.853"/>
</kw>
<status status="PASS" starttime="20210413 18:31:04.320" endtime="20210413 18:31:04.853"/>
</test>
<test id="s1-t4" name="Close Browser">
<kw name="Close Browser" library="SeleniumLibrary">
<doc>Closes the current browser.</doc>
<status status="PASS" starttime="20210413 18:31:04.854" endtime="20210413 18:31:05.844"/>
</kw>
<status status="PASS" starttime="20210413 18:31:04.854" endtime="20210413 18:31:05.844"/>
</test>
<doc>Test webi page</doc>
<status status="PASS" starttime="20210413 18:30:54.701" endtime="20210413 18:31:05.845"/>
</suite>
<statistics>
<total>
<stat pass="4" fail="0" skip="0">All Tests</stat>
</total>
<tag>
</tag>
<suite>
<stat pass="4" fail="0" skip="0" id="s1" name="Testi Test">Testi Test</stat>
</suite>
</statistics>
<errors>
</errors>
</robot>
